# JRE version: OpenJDK Runtime Environment (11.0.11+9) (build 11.0.11+9-b60-7590822)
# Java VM: OpenJDK 64-Bit Server VM (11.0.11+9-b60-7590822, mixed mode, tiered, compressed oops, g1 gc, windows-amd64)
Heap:
 garbage-first heap   total 646144K, used 125677K [0x0000000080000000, 0x0000000100000000)
  region size 1024K, 2 young (2048K), 2 survivors (2048K)
 Metaspace       used 97359K, capacity 99609K, committed 99840K, reserved 1136640K
  class space    used 12170K, capacity 12990K, committed 13056K, reserved 1048576K
GC Heap History (20 events):
Event: 533.897 GC heap after
{Heap after GC invocations=318 (full 0):
 garbage-first heap   total 152576K, used 98067K [0x0000000080000000, 0x0000000100000000)
  region size 1024K, 1 young (1024K), 1 survivors (1024K)
 Metaspace       used 97048K, capacity 99351K, committed 99584K, reserved 1136640K
  class space    used 12160K, capacity 12979K, committed 13056K, reserved 1048576K
}
Event: 540.518 GC heap before
{Heap before GC invocations=318 (full 0):
 garbage-first heap   total 152576K, used 103187K [0x0000000080000000, 0x0000000100000000)
  region size 1024K, 7 young (7168K), 1 survivors (1024K)
 Metaspace       used 97183K, capacity 99383K, committed 99584K, reserved 1136640K
  class space    used 12163K, capacity 12985K, committed 13056K, reserved 1048576K
}
Event: 540.641 GC heap after
{Heap after GC invocations=319 (full 0):
 garbage-first heap   total 152576K, used 99271K [0x0000000080000000, 0x0000000100000000)
  region size 1024K, 1 young (1024K), 1 survivors (1024K)
 Metaspace       used 97183K, capacity 99383K, committed 99584K, reserved 1136640K
  class space    used 12163K, capacity 12985K, committed 13056K, reserved 1048576K
}
Event: 549.361 GC heap before
{Heap before GC invocations=319 (full 0):
 garbage-first heap   total 152576K, used 105415K [0x0000000080000000, 0x0000000100000000)
  region size 1024K, 7 young (7168K), 1 survivors (1024K)
 Metaspace       used 97208K, capacity 99452K, committed 99584K, reserved 1136640K
  class space    used 12163K, capacity 12985K, committed 13056K, reserved 1048576K
}
Event: 549.522 GC heap after
{Heap after GC invocations=320 (full 0):
 garbage-first heap   total 152576K, used 99619K [0x0000000080000000, 0x0000000100000000)
  region size 1024K, 1 young (1024K), 1 survivors (1024K)
 Metaspace       used 97208K, capacity 99452K, committed 99584K, reserved 1136640K
  class space    used 12163K, capacity 12985K, committed 13056K, reserved 1048576K
}
Event: 563.598 GC heap before
{Heap before GC invocations=320 (full 0):
 garbage-first heap   total 152576K, used 106787K [0x0000000080000000, 0x0000000100000000)
  region size 1024K, 7 young (7168K), 1 survivors (1024K)
 Metaspace       used 97236K, capacity 99466K, committed 99584K, reserved 1136640K
  class space    used 12164K, capacity 12987K, committed 13056K, reserved 1048576K
}
Event: 564.286 GC heap after
{Heap after GC invocations=321 (full 0):
 garbage-first heap   total 152576K, used 104486K [0x0000000080000000, 0x0000000100000000)
  region size 1024K, 1 young (1024K), 1 survivors (1024K)
 Metaspace       used 97236K, capacity 99466K, committed 99584K, reserved 1136640K
  class space    used 12164K, capacity 12987K, committed 13056K, reserved 1048576K
}
Event: 569.068 GC heap before
{Heap before GC invocations=321 (full 0):
 garbage-first heap   total 152576K, used 109606K [0x0000000080000000, 0x0000000100000000)
  region size 1024K, 7 young (7168K), 1 survivors (1024K)
 Metaspace       used 97238K, capacity 99466K, committed 99584K, reserved 1136640K
  class space    used 12164K, capacity 12987K, committed 13056K, reserved 1048576K
}
Event: 570.606 GC heap after
{Heap after GC invocations=322 (full 0):
 garbage-first heap   total 242688K, used 109817K [0x0000000080000000, 0x0000000100000000)
  region size 1024K, 1 young (1024K), 1 survivors (1024K)
 Metaspace       used 97238K, capacity 99466K, committed 99584K, reserved 1136640K
  class space    used 12164K, capacity 12987K, committed 13056K, reserved 1048576K
}
Event: 572.041 GC heap before
{Heap before GC invocations=322 (full 0):
 garbage-first heap   total 242688K, used 120057K [0x0000000080000000, 0x0000000100000000)
  region size 1024K, 11 young (11264K), 1 survivors (1024K)
 Metaspace       used 97243K, capacity 99466K, committed 99584K, reserved 1136640K
  class space    used 12164K, capacity 12987K, committed 13056K, reserved 1048576K
}
Event: 572.960 GC heap after
{Heap after GC invocations=323 (full 0):
 garbage-first heap   total 242688K, used 115216K [0x0000000080000000, 0x0000000100000000)
  region size 1024K, 2 young (2048K), 2 survivors (2048K)
 Metaspace       used 97243K, capacity 99466K, committed 99584K, reserved 1136640K
  class space    used 12164K, capacity 12987K, committed 13056K, reserved 1048576K
}
Event: 581.275 GC heap before
{Heap before GC invocations=323 (full 0):
 garbage-first heap   total 242688K, used 124432K [0x0000000080000000, 0x0000000100000000)
  region size 1024K, 11 young (11264K), 2 survivors (2048K)
 Metaspace       used 97261K, capacity 99469K, committed 99584K, reserved 1136640K
  class space    used 12166K, capacity 12988K, committed 13056K, reserved 1048576K
}
Event: 581.331 GC heap after
{Heap after GC invocations=324 (full 0):
 garbage-first heap   total 242688K, used 116825K [0x0000000080000000, 0x0000000100000000)
  region size 1024K, 2 young (2048K), 2 survivors (2048K)
 Metaspace       used 97261K, capacity 99469K, committed 99584K, reserved 1136640K
  class space    used 12166K, capacity 12988K, committed 13056K, reserved 1048576K
}
Event: 581.976 GC heap before
{Heap before GC invocations=324 (full 0):
 garbage-first heap   total 242688K, used 126041K [0x0000000080000000, 0x0000000100000000)
  region size 1024K, 11 young (11264K), 2 survivors (2048K)
 Metaspace       used 97272K, capacity 99533K, committed 99840K, reserved 1136640K
  class space    used 12166K, capacity 12988K, committed 13056K, reserved 1048576K
}
Event: 581.981 GC heap after
{Heap after GC invocations=325 (full 0):
 garbage-first heap   total 242688K, used 117670K [0x0000000080000000, 0x0000000100000000)
  region size 1024K, 2 young (2048K), 2 survivors (2048K)
 Metaspace       used 97272K, capacity 99533K, committed 99840K, reserved 1136640K
  class space    used 12166K, capacity 12988K, committed 13056K, reserved 1048576K
}
Event: 586.918 GC heap before
{Heap before GC invocations=325 (full 0):
 garbage-first heap   total 242688K, used 125862K [0x0000000080000000, 0x0000000100000000)
  region size 1024K, 11 young (11264K), 2 survivors (2048K)
 Metaspace       used 97300K, capacity 99537K, committed 99840K, reserved 1136640K
  class space    used 12168K, capacity 12989K, committed 13056K, reserved 1048576K
}
Event: 587.390 GC heap after
{Heap after GC invocations=326 (full 0):
 garbage-first heap   total 242688K, used 118112K [0x0000000080000000, 0x0000000100000000)
  region size 1024K, 1 young (1024K), 1 survivors (1024K)
 Metaspace       used 97300K, capacity 99537K, committed 99840K, reserved 1136640K
  class space    used 12168K, capacity 12989K, committed 13056K, reserved 1048576K
}
Event: 592.031 GC heap before
{Heap before GC invocations=326 (full 0):
 garbage-first heap   total 242688K, used 128352K [0x0000000080000000, 0x0000000100000000)
  region size 1024K, 11 young (11264K), 1 survivors (1024K)
 Metaspace       used 97306K, capacity 99601K, committed 99840K, reserved 1136640K
  class space    used 12168K, capacity 12989K, committed 13056K, reserved 1048576K
}
Event: 597.629 GC heap after
{Heap after GC invocations=327 (full 0):
 garbage-first heap   total 242688K, used 123722K [0x0000000080000000, 0x0000000100000000)
  region size 1024K, 2 young (2048K), 2 survivors (2048K)
 Metaspace       used 97306K, capacity 99601K, committed 99840K, reserved 1136640K
  class space    used 12168K, capacity 12989K, committed 13056K, reserved 1048576K
}
Event: 625.949 GC heap before
{Heap before GC invocations=327 (full 0):
 garbage-first heap   total 242688K, used 147274K [0x0000000080000000, 0x0000000100000000)
  region size 1024K, 11 young (11264K), 2 survivors (2048K)
 Metaspace       used 97359K, capacity 99609K, committed 99840K, reserved 1136640K
  class space    used 12170K, capacity 12990K, committed 13056K, reserved 1048576K
}

